<?xml version="1.0" encoding="UTF-8"?>
<coverage generated="1701713772827" clover="3.2.0">
  <project timestamp="1701713772827" name="All files">
    <metrics statements="4" coveredstatements="2" conditionals="0" coveredconditionals="0" methods="3" coveredmethods="1" elements="7" coveredelements="3" complexity="0" loc="4" ncloc="4" packages="1" files="1" classes="1"/>
    <file name="classNames.ts" path="/Users/niko/Desktop/fe-common-template/src/shared/utils/classNames.ts">
      <metrics statements="4" coveredstatements="2" conditionals="0" coveredconditionals="0" methods="3" coveredmethods="1"/>
      <line num="3" count="1" type="stmt"/>
      <line num="8" count="1" type="stmt"/>
      <line num="12" count="0" type="stmt"/>
      <line num="13" count="0" type="stmt"/>
    </file>
  </project>
</coverage>
