{"/Users/niko/Desktop/fe-common-template/src/shared/utils/classNames.ts": {"path":"/Users/niko/Desktop/fe-common-template/src/shared/utils/classNames.ts","statementMap":{"0":{"start":{"line":3,"column":26},"end":{"line":14,"column":11}},"1":{"start":{"line":7,"column":5},"end":{"line":14,"column":11}},"2":{"start":{"line":12,"column":36},"end":{"line":12,"column":50}},"3":{"start":{"line":13,"column":26},"end":{"line":13,"column":35}}},"fnMap":{"0":{"name":"(anonymous_0)","decl":{"start":{"line":3,"column":26},"end":{"line":3,"column":27}},"loc":{"start":{"line":7,"column":5},"end":{"line":14,"column":11}},"line":7},"1":{"name":"(anonymous_1)","decl":{"start":{"line":12,"column":12},"end":{"line":12,"column":13}},"loc":{"start":{"line":12,"column":36},"end":{"line":12,"column":50}},"line":12},"2":{"name":"(anonymous_2)","decl":{"start":{"line":13,"column":9},"end":{"line":13,"column":10}},"loc":{"start":{"line":13,"column":26},"end":{"line":13,"column":35}},"line":13}},"branchMap":{},"s":{"0":1,"1":4,"2":6,"3":4},"f":{"0":4,"1":6,"2":4},"b":{},"_coverageSchema":"1a1c01bbd47fc00a2c39e90264f33305004495a9","hash":"520b2d142e06dec99f512e90d652d3595a369c04"}
}
